<?xml version="1.0" encoding="UTF-8"?>
<!-- Generated by org.testng.reporters.JUnitReportReporter -->
<testsuite skipped="0" hostname="liciouss-MacBook-Air-2.local" name="in.licious.dataplanning_API.GenerateRMIndentProduction" tests="1" failures="0" timestamp="27 Oct 2018 11:29:46 GMT" time="4.176" errors="0">
  <testcase name="generateRMIndenttest" time="4.176" classname="in.licious.dataplanning_API.GenerateRMIndentProduction"/>
</testsuite> <!-- in.licious.dataplanning_API.GenerateRMIndentProduction -->
