<?xml version="1.0" encoding="UTF-8"?>
<!-- Generated by org.testng.reporters.JUnitReportReporter -->
<testsuite skipped="0" hostname="PF0Q7VST-BLR" name="in.licious.test.ColdCutsNetBanking" tests="1" failures="0" timestamp="03 Jul 2018 06:52:10 GMT" time="98.960" errors="0">
  <testcase name="testfishandseafood" time="98.960" classname="in.licious.test.ColdCutsNetBanking"/>
</testsuite> <!-- in.licious.test.ColdCutsNetBanking -->
