<?xml version="1.0" encoding="UTF-8"?>
<!-- Generated by org.testng.reporters.JUnitReportReporter -->
<testsuite skipped="0" hostname="Vishwa" name="in.licious.dataplanning.RestAssured" tests="1" failures="0" timestamp="08 Aug 2018 13:49:18 GMT" time="3.370" errors="0">
  <testcase name="getTest" time="3.370" classname="in.licious.dataplanning.RestAssured"/>
</testsuite> <!-- in.licious.dataplanning.RestAssured -->
