<?xml version="1.0" encoding="UTF-8"?>
<!-- Generated by org.testng.reporters.JUnitReportReporter -->
<testsuite skipped="0" hostname="liciouss-MacBook-Air-2.local" name="in.licious.dataplanning_API.LossSale_API" tests="1" failures="0" timestamp="27 Oct 2018 10:59:34 GMT" time="44.734" errors="0">
  <testcase name="dashboardwastagetest" time="44.734" classname="in.licious.dataplanning_API.LossSale_API"/>
</testsuite> <!-- in.licious.dataplanning_API.LossSale_API -->
