<?xml version="1.0" encoding="UTF-8"?>
<!-- Generated by org.testng.reporters.JUnitReportReporter -->
<testsuite skipped="0" hostname="PF0Q7VST-BLR" name="in.licious.test.PicklesCOD" tests="1" failures="0" timestamp="08 Jun 2018 12:16:26 GMT" time="83.491" errors="0">
  <testcase name="testpickles" time="83.491" classname="in.licious.test.PicklesCOD"/>
</testsuite> <!-- in.licious.test.PicklesCOD -->
