<?xml version="1.0" encoding="UTF-8"?>
<!-- Generated by org.testng.reporters.JUnitReportReporter -->
<testsuite skipped="1" hostname="PF0Q7VST-BLR" name="in.licious.test.MarinadesCOD" tests="1" failures="0" timestamp="08 Jun 2018 11:08:00 GMT" time="0.000" errors="0">
  <testcase name="testmarinadescod" time="0.000" classname="in.licious.test.MarinadesCOD">
    <skipped/>
  </testcase> <!-- testmarinadescod -->
</testsuite> <!-- in.licious.test.MarinadesCOD -->
