<?xml version="1.0" encoding="UTF-8"?>
<!-- Generated by org.testng.reporters.JUnitReportReporter -->
<testsuite skipped="0" hostname="PF0Q7VST-BLR" name="in.licious.test.ValidLoginTest" tests="2" failures="0" timestamp="05 Jun 2018 14:47:34 GMT" time="46.860" errors="0">
  <testcase name="testValidLoginTest1" time="27.145" classname="in.licious.test.ValidLoginTest"/>
  <testcase name="testValidLoginTest1" time="19.715" classname="in.licious.test.ValidLoginTest"/>
</testsuite> <!-- in.licious.test.ValidLoginTest -->
