<?xml version="1.0" encoding="UTF-8"?>
<!-- Generated by org.testng.reporters.JUnitReportReporter -->
<testsuite skipped="0" hostname="PF0Q7VST-BLR" name="in.licious.test.EggsCOD" tests="1" failures="0" timestamp="02 Aug 2018 06:35:33 GMT" time="91.539" errors="0">
  <testcase name="testeggscod" time="91.539" classname="in.licious.test.EggsCOD"/>
</testsuite> <!-- in.licious.test.EggsCOD -->
