<?xml version="1.0" encoding="UTF-8"?>
<!-- Generated by org.testng.reporters.JUnitReportReporter -->
<testsuite skipped="0" hostname="PF0Q7VST-BLR" name="in.licious.test.TestNGgroups" tests="4" failures="0" timestamp="05 Jun 2018 14:47:34 GMT" time="0.009" errors="0">
  <testcase name="testCaseTwo" time="0.002" classname="in.licious.test.TestNGgroups"/>
  <testcase name="testCaseFour" time="0.002" classname="in.licious.test.TestNGgroups"/>
  <testcase name="testCaseThree" time="0.000" classname="in.licious.test.TestNGgroups"/>
  <testcase name="testCaseOne" time="0.005" classname="in.licious.test.TestNGgroups"/>
</testsuite> <!-- in.licious.test.TestNGgroups -->
