<?xml version="1.0" encoding="UTF-8"?>
<!-- Generated by org.testng.reporters.JUnitReportReporter -->
<testsuite skipped="0" hostname="PF0Q7VST-BLR" name="in.licious.test.FishandSeafoodCOD" tests="1" failures="0" timestamp="17 Jul 2018 17:28:41 GMT" time="81.899" errors="0">
  <testcase name="testfishandseafood" time="81.899" classname="in.licious.test.FishandSeafoodCOD"/>
</testsuite> <!-- in.licious.test.FishandSeafoodCOD -->
