<?xml version="1.0" encoding="UTF-8"?>
<!-- Generated by org.testng.reporters.JUnitReportReporter -->
<testsuite skipped="0" hostname="liciouss-MacBook-Air-2.local" name="in.licious.dataplanning_API.PercentageGrowth" tests="1" failures="0" timestamp="27 Oct 2018 11:12:07 GMT" time="2.031" errors="0">
  <testcase name="percentagegrowthtest" time="2.031" classname="in.licious.dataplanning_API.PercentageGrowth"/>
</testsuite> <!-- in.licious.dataplanning_API.PercentageGrowth -->
