<?xml version="1.0" encoding="UTF-8"?>
<!-- Generated by org.testng.reporters.JUnitReportReporter -->
<testsuite skipped="0" hostname="PF0Q7VST-BLR" name="in.licious.test.ChickenCreditAndDebitCards" tests="1" failures="0" timestamp="03 Jul 2018 11:19:22 GMT" time="98.415" errors="0">
  <testcase name="testChicken" time="98.415" classname="in.licious.test.ChickenCreditAndDebitCards"/>
</testsuite> <!-- in.licious.test.ChickenCreditAndDebitCards -->
