<?xml version="1.0" encoding="UTF-8"?>
<!-- Generated by org.testng.reporters.JUnitReportReporter -->
<testsuite skipped="0" hostname="liciouss-MacBook-Air-2.local" name="in.licious.dataplanning_API.CreateProductionPlanAPISample" tests="1" failures="0" timestamp="22 Nov 2018 13:29:59 GMT" time="16.486" errors="0">
  <testcase name="productionPlanTest_TC06" time="16.486" classname="in.licious.dataplanning_API.CreateProductionPlanAPISample"/>
</testsuite> <!-- in.licious.dataplanning_API.CreateProductionPlanAPISample -->
