<?xml version="1.0" encoding="UTF-8"?>
<!-- Generated by org.testng.reporters.JUnitReportReporter -->
<testsuite skipped="0" hostname="liciouss-MacBook-Air-2.local" name="in.licious.dataplanning_API.ThawingApi" tests="1" failures="0" timestamp="09 Nov 2018 10:00:27 GMT" time="1.138" errors="0">
  <testcase name="generateThawingPlan" time="1.138" classname="in.licious.dataplanning_API.ThawingApi"/>
</testsuite> <!-- in.licious.dataplanning_API.ThawingApi -->
