<?xml version="1.0" encoding="UTF-8"?>
<!-- Generated by org.testng.reporters.JUnitReportReporter -->
<testsuite skipped="0" hostname="liciouss-MacBook-Air-2.local" name="in.licious.dataplanning_API.GenerateRMIndentProduction" tests="1" failures="0" timestamp="15 Nov 2018 08:02:15 GMT" time="3.140" errors="0">
  <testcase name="generateRMIndentTest_TC11" time="3.140" classname="in.licious.dataplanning_API.GenerateRMIndentProduction"/>
</testsuite> <!-- in.licious.dataplanning_API.GenerateRMIndentProduction -->
