<?xml version="1.0" encoding="UTF-8"?>
<!-- Generated by org.testng.reporters.JUnitReportReporter -->
<testsuite skipped="0" hostname="Vishwa" name="in.licious.test.NewLoginFlowRegressionScript" tests="2" failures="0" timestamp="07 Aug 2018 12:59:51 GMT" time="87.827" errors="0">
  <testcase name="testnewloginflowwithpassword" time="44.534" classname="in.licious.test.NewLoginFlowRegressionScript"/>
  <testcase name="testnewloginflowwithotp" time="43.293" classname="in.licious.test.NewLoginFlowRegressionScript"/>
</testsuite> <!-- in.licious.test.NewLoginFlowRegressionScript -->
