<?xml version="1.0" encoding="UTF-8"?>
<!-- Generated by org.testng.reporters.JUnitReportReporter -->
<testsuite skipped="0" hostname="liciouss-MacBook-Air-2.local" name="in.licious.dataplanning_API.BriningApi" tests="1" failures="0" timestamp="22 Nov 2018 11:16:27 GMT" time="6.401" errors="0">
  <testcase name="generatebriningPlanTest_TC05" time="6.401" classname="in.licious.dataplanning_API.BriningApi"/>
</testsuite> <!-- in.licious.dataplanning_API.BriningApi -->
