<?xml version="1.0" encoding="UTF-8"?>
<!-- Generated by org.testng.reporters.JUnitReportReporter -->
<testsuite skipped="0" hostname="liciouss-MacBook-Air-2.local" name="in.licious.dataplanning_API.SystemDP" tests="1" failures="0" timestamp="05 Nov 2018 11:14:52 GMT" time="3.692" errors="0">
  <testcase name="systemDPtest" time="3.692" classname="in.licious.dataplanning_API.SystemDP"/>
</testsuite> <!-- in.licious.dataplanning_API.SystemDP -->
