<?xml version="1.0" encoding="UTF-8"?>
<!-- Generated by org.testng.reporters.JUnitReportReporter -->
<testsuite skipped="0" hostname="liciouss-MacBook-Air-2.local" name="in.licious.dataplanning_UI.FinalValidation" tests="1" failures="0" timestamp="06 Nov 2018 11:48:31 GMT" time="135.805" errors="0">
  <testcase name="finalValidationTest" time="135.805" classname="in.licious.dataplanning_UI.FinalValidation"/>
</testsuite> <!-- in.licious.dataplanning_UI.FinalValidation -->
