<?xml version="1.0" encoding="UTF-8"?>
<!-- Generated by org.testng.reporters.JUnitReportReporter -->
<testsuite skipped="0" hostname="liciouss-MacBook-Air-2.local" name="in.licious.dataplanning_UI.Validate_DataPlanning_Component" tests="1" failures="0" timestamp="06 Nov 2018 09:28:50 GMT" time="21.826" errors="0">
  <testcase name="validateSubTitleTest" time="21.826" classname="in.licious.dataplanning_UI.Validate_DataPlanning_Component"/>
</testsuite> <!-- in.licious.dataplanning_UI.Validate_DataPlanning_Component -->
