<?xml version="1.0" encoding="UTF-8"?>
<!-- Generated by org.testng.reporters.JUnitReportReporter -->
<testsuite skipped="0" hostname="liciouss-MacBook-Air-2.local" name="in.licious.dataplanning_API.Dispatch_Plan" tests="1" failures="0" timestamp="30 Nov 2018 12:49:04 GMT" time="18.887" errors="0">
  <testcase name="dispacthPlanTest_TC_10" time="18.887" classname="in.licious.dataplanning_API.Dispatch_Plan"/>
</testsuite> <!-- in.licious.dataplanning_API.Dispatch_Plan -->
