<?xml version="1.0" encoding="UTF-8"?>
<!-- Generated by org.testng.reporters.JUnitReportReporter -->
<testsuite skipped="0" hostname="liciouss-MacBook-Air-2.local" name="in.licious.dataplanning.BriningApi" tests="1" failures="0" timestamp="27 Oct 2018 10:34:07 GMT" time="9.399" errors="0">
  <testcase name="generatebriningPlanTest" time="9.399" classname="in.licious.dataplanning.BriningApi"/>
</testsuite> <!-- in.licious.dataplanning.BriningApi -->
