<?xml version="1.0" encoding="UTF-8"?>
<!-- Generated by org.testng.reporters.JUnitReportReporter -->
<testsuite skipped="0" hostname="liciouss-MacBook-Air-2.local" name="in.licious.dataplanning_API.Demo" tests="5" failures="0" timestamp="22 Nov 2018 07:15:51 GMT" time="25.288" errors="0">
  <testcase name="createDemandPlanTest_TC01" time="9.230" classname="in.licious.dataplanning_API.Demo"/>
  <testcase name="updateDemandPlanWithBuffersTest_TC02" time="2.676" classname="in.licious.dataplanning_API.Demo"/>
  <testcase name="productionPlanTest_TC06" time="5.660" classname="in.licious.dataplanning_API.Demo"/>
  <testcase name="generateThawingPlanTest_TC07" time="1.994" classname="in.licious.dataplanning_API.Demo"/>
  <testcase name="generatebriningPlanTest_TC05" time="5.728" classname="in.licious.dataplanning_API.Demo"/>
</testsuite> <!-- in.licious.dataplanning_API.Demo -->
