<?xml version="1.0" encoding="UTF-8"?>
<!-- Generated by org.testng.reporters.JUnitReportReporter -->
<testsuite skipped="0" hostname="liciouss-MacBook-Air-2.local" name="in.licious.dataplanning_API.GenerateRMIndentProduction" tests="1" failures="0" timestamp="09 Nov 2018 09:46:36 GMT" time="4.083" errors="0">
  <testcase name="generateRMIndenttest" time="4.083" classname="in.licious.dataplanning_API.GenerateRMIndentProduction"/>
</testsuite> <!-- in.licious.dataplanning_API.GenerateRMIndentProduction -->
