<?xml version="1.0" encoding="UTF-8"?>
<!-- Generated by org.testng.reporters.JUnitReportReporter -->
<testsuite skipped="0" hostname="Vishwa_Reddy" name="in.licious.util.DataBase" tests="1" failures="0" timestamp="03 Feb 2018 12:13:08 GMT" time="0.596" errors="0">
  <testcase name="main" time="0.596" classname="in.licious.util.DataBase"/>
</testsuite> <!-- in.licious.util.DataBase -->
