<?xml version="1.0" encoding="UTF-8"?>
<!-- Generated by org.testng.reporters.JUnitReportReporter -->
<testsuite skipped="0" hostname="liciouss-MacBook-Air-2.local" name="in.licious.dataplanning_API.DemandPlanAPI" tests="1" failures="0" timestamp="21 Nov 2018 10:26:23 GMT" time="6.758" errors="0">
  <testcase name="createDemandPlanTest_TC01" time="6.758" classname="in.licious.dataplanning_API.DemandPlanAPI"/>
</testsuite> <!-- in.licious.dataplanning_API.DemandPlanAPI -->
