<?xml version="1.0" encoding="UTF-8"?>
<!-- Generated by org.testng.reporters.JUnitReportReporter -->
<testsuite skipped="0" hostname="liciouss-MacBook-Air-2.local" name="in.licious.dataplanning_API.Dispatch_Plan" tests="1" failures="0" timestamp="09 Nov 2018 09:41:15 GMT" time="4.417" errors="0">
  <testcase name="dispacthPlantest" time="4.417" classname="in.licious.dataplanning_API.Dispatch_Plan"/>
</testsuite> <!-- in.licious.dataplanning_API.Dispatch_Plan -->
