<?xml version="1.0" encoding="UTF-8"?>
<!-- Generated by org.testng.reporters.JUnitReportReporter -->
<testsuite skipped="0" hostname="liciouss-MacBook-Air-2.local" name="in.licious.dataplanning_API.ViewProductionPlan" tests="1" failures="0" timestamp="22 Nov 2018 07:13:36 GMT" time="4.146" errors="0">
  <testcase name="viewProductionPlanTest" time="4.146" classname="in.licious.dataplanning_API.ViewProductionPlan"/>
</testsuite> <!-- in.licious.dataplanning_API.ViewProductionPlan -->
