<?xml version="1.0" encoding="UTF-8"?>
<!-- Generated by org.testng.reporters.JUnitReportReporter -->
<testsuite skipped="0" hostname="liciouss-MacBook-Air-2.local" name="in.licious.dataplanning_API.MorningDispatch" tests="1" failures="0" timestamp="09 Nov 2018 10:00:20 GMT" time="3.865" errors="0">
  <testcase name="morningDispatchtest" time="3.865" classname="in.licious.dataplanning_API.MorningDispatch"/>
</testsuite> <!-- in.licious.dataplanning_API.MorningDispatch -->
