<?xml version="1.0" encoding="UTF-8"?>
<!-- Generated by org.testng.reporters.JUnitReportReporter -->
<testsuite skipped="0" hostname="PF0Q7VST-BLR" name="in.licious.test.ChickenOtherWallets" tests="1" failures="0" timestamp="03 Jul 2018 11:49:23 GMT" time="83.228" errors="0">
  <testcase name="testChicken" time="83.228" classname="in.licious.test.ChickenOtherWallets"/>
</testsuite> <!-- in.licious.test.ChickenOtherWallets -->
