<?xml version="1.0" encoding="UTF-8"?>
<!-- Generated by org.testng.reporters.JUnitReportReporter -->
<testsuite skipped="0" hostname="liciouss-MacBook-Air-2.local" name="in.licious.dataplanning_API.Demo" tests="4" failures="0" timestamp="26 Nov 2018 07:58:16 GMT" time="22.649" errors="0">
  <testcase name="createDemandPlanTest_TC01" time="10.944" classname="in.licious.dataplanning_API.Demo"/>
  <testcase name="productionPlanTest_TC06" time="4.448" classname="in.licious.dataplanning_API.Demo"/>
  <testcase name="generateThawingPlanTest_TC07" time="3.366" classname="in.licious.dataplanning_API.Demo"/>
  <testcase name="generatebriningPlanTest_TC05" time="3.891" classname="in.licious.dataplanning_API.Demo"/>
</testsuite> <!-- in.licious.dataplanning_API.Demo -->
