<?xml version="1.0" encoding="UTF-8"?>
<!-- Generated by org.testng.reporters.JUnitReportReporter -->
<testsuite skipped="0" hostname="liciouss-MacBook-Air-2.local" name="in.licious.dataplanning_UI.DemandPlan" tests="1" failures="0" timestamp="06 Nov 2018 05:48:11 GMT" time="55.971" errors="0">
  <testcase name="createDemandPlantest" time="55.971" classname="in.licious.dataplanning_UI.DemandPlan"/>
</testsuite> <!-- in.licious.dataplanning_UI.DemandPlan -->
