<?xml version="1.0" encoding="UTF-8"?>
<!-- Generated by org.testng.reporters.JUnitReportReporter -->
<testsuite skipped="0" hostname="liciouss-MacBook-Air-2.local" name="in.licious.dataplanning.MerchantDashboard" tests="1" failures="0" timestamp="05 Nov 2018 10:04:48 GMT" time="18.133" errors="0">
  <testcase name="merchantDashboardtest" time="18.133" classname="in.licious.dataplanning.MerchantDashboard"/>
</testsuite> <!-- in.licious.dataplanning.MerchantDashboard -->
