<?xml version="1.0" encoding="UTF-8"?>
<!-- Generated by org.testng.reporters.JUnitReportReporter -->
<testsuite skipped="0" hostname="Vishwa" name="in.licious.test.EggsPOD" tests="1" failures="0" timestamp="06 Aug 2018 14:48:27 GMT" time="81.524" errors="0">
  <testcase name="testfishandseafood" time="81.524" classname="in.licious.test.EggsPOD"/>
</testsuite> <!-- in.licious.test.EggsPOD -->
