<?xml version="1.0" encoding="UTF-8"?>
<!-- Generated by org.testng.reporters.JUnitReportReporter -->
<testsuite skipped="0" hostname="liciouss-MacBook-Air-2.local" name="in.licious.dataplanning_API.SystemForecastAPI" tests="1" failures="0" timestamp="09 Nov 2018 09:57:41 GMT" time="3.624" errors="0">
  <testcase name="createSystemForecast" time="3.624" classname="in.licious.dataplanning_API.SystemForecastAPI"/>
</testsuite> <!-- in.licious.dataplanning_API.SystemForecastAPI -->
