<?xml version="1.0" encoding="UTF-8"?>
<!-- Generated by org.testng.reporters.JUnitReportReporter -->
<testsuite skipped="0" hostname="liciouss-MacBook-Air-2.local" name="in.licious.dataplanning_API.RM_Indent" tests="1" failures="0" timestamp="15 Nov 2018 08:04:55 GMT" time="3.551" errors="0">
  <testcase name="rm_indent_Test_TC15" time="3.551" classname="in.licious.dataplanning_API.RM_Indent"/>
</testsuite> <!-- in.licious.dataplanning_API.RM_Indent -->
