<?xml version="1.0" encoding="UTF-8"?>
<!-- Generated by org.testng.reporters.JUnitReportReporter -->
<testsuite skipped="0" hostname="liciouss-MacBook-Air-2.local" name="in.licious.dataplanning_API.ThawingApi" tests="1" failures="0" timestamp="21 Nov 2018 10:26:23 GMT" time="1.684" errors="0">
  <testcase name="generateThawingPlanTest_TC07" time="1.684" classname="in.licious.dataplanning_API.ThawingApi"/>
</testsuite> <!-- in.licious.dataplanning_API.ThawingApi -->
