<?xml version="1.0" encoding="UTF-8"?>
<!-- Generated by org.testng.reporters.JUnitReportReporter -->
<testsuite skipped="0" hostname="liciouss-MacBook-Air-2.local" name="in.licious.dataplanning_API.systemforecastSlotAPI" tests="1" failures="0" timestamp="21 Nov 2018 10:26:23 GMT" time="9.402" errors="0">
  <testcase name="systemforecastTest_TC04" time="9.402" classname="in.licious.dataplanning_API.systemforecastSlotAPI"/>
</testsuite> <!-- in.licious.dataplanning_API.systemforecastSlotAPI -->
