<?xml version="1.0" encoding="UTF-8"?>
<!-- Generated by org.testng.reporters.JUnitReportReporter -->
<testsuite skipped="0" hostname="liciouss-MacBook-Air-2.local" name="in.licious.dataplanning_API.LossSale_API" tests="1" failures="0" timestamp="16 Nov 2018 10:34:50 GMT" time="34.049" errors="0">
  <testcase name="dashboardLossSaleTest_TC12" time="34.049" classname="in.licious.dataplanning_API.LossSale_API"/>
</testsuite> <!-- in.licious.dataplanning_API.LossSale_API -->
