<?xml version="1.0" encoding="UTF-8"?>
<!-- Generated by org.testng.reporters.JUnitReportReporter -->
<testsuite skipped="0" hostname="liciouss-MacBook-Air-2.local" name="in.licious.dataplanning_API.CreateDemandPlanWithBuffers" tests="1" failures="0" timestamp="09 Nov 2018 09:35:44 GMT" time="4.726" errors="0">
  <testcase name="updateDemandPlanWithBuffersTest" time="4.726" classname="in.licious.dataplanning_API.CreateDemandPlanWithBuffers"/>
</testsuite> <!-- in.licious.dataplanning_API.CreateDemandPlanWithBuffers -->
