<?xml version="1.0" encoding="UTF-8"?>
<!-- Generated by org.testng.reporters.JUnitReportReporter -->
<testsuite skipped="0" hostname="Vishwa" name="in.licious.test.Chicken" tests="1" failures="0" timestamp="06 Aug 2018 14:50:46 GMT" time="74.622" errors="0">
  <testcase name="testChicken" time="74.622" classname="in.licious.test.Chicken"/>
</testsuite> <!-- in.licious.test.Chicken -->
