<?xml version="1.0" encoding="UTF-8"?>
<!-- Generated by org.testng.reporters.JUnitReportReporter -->
<testsuite skipped="0" hostname="liciouss-MacBook-Air-2.local" name="in.licious.dataplanning_API.DemandPlanAPI" tests="1" failures="0" timestamp="22 Nov 2018 09:21:37 GMT" time="14.544" errors="0">
  <testcase name="createDemandPlanTest_TC01" time="14.544" classname="in.licious.dataplanning_API.DemandPlanAPI"/>
</testsuite> <!-- in.licious.dataplanning_API.DemandPlanAPI -->
