<?xml version="1.0" encoding="UTF-8"?>
<!-- Generated by org.testng.reporters.JUnitReportReporter -->
<testsuite skipped="0" hostname="liciouss-MacBook-Air-2.local" name="in.licious.dataplanning_API.PercentageGrowth" tests="1" failures="0" timestamp="15 Nov 2018 08:03:30 GMT" time="2.312" errors="0">
  <testcase name="percentagegrowthtest" time="2.312" classname="in.licious.dataplanning_API.PercentageGrowth"/>
</testsuite> <!-- in.licious.dataplanning_API.PercentageGrowth -->
