<?xml version="1.0" encoding="UTF-8"?>
<!-- Generated by org.testng.reporters.JUnitReportReporter -->
<testsuite skipped="0" hostname="liciouss-MacBook-Air-2.local" name="in.licious.dataplanning_API.RM_Indent" tests="1" failures="0" timestamp="09 Nov 2018 09:57:26 GMT" time="5.091" errors="0">
  <testcase name="rem_indent_test" time="5.091" classname="in.licious.dataplanning_API.RM_Indent"/>
</testsuite> <!-- in.licious.dataplanning_API.RM_Indent -->
