<?xml version="1.0" encoding="UTF-8"?>
<!-- Generated by org.testng.reporters.JUnitReportReporter -->
<testsuite skipped="0" hostname="liciouss-MacBook-Air-2.local" name="in.licious.dataplanning_API.systemforecastSlotAPI" tests="1" failures="0" timestamp="09 Nov 2018 09:58:04 GMT" time="15.674" errors="0">
  <testcase name="systemforecasttest" time="15.674" classname="in.licious.dataplanning_API.systemforecastSlotAPI"/>
</testsuite> <!-- in.licious.dataplanning_API.systemforecastSlotAPI -->
