<?xml version="1.0" encoding="UTF-8"?>
<!-- Generated by org.testng.reporters.JUnitReportReporter -->
<testsuite skipped="0" hostname="liciouss-MacBook-Air-2.local" name="in.licious.dataplanning_API.CreateProductionPlanAPI" tests="1" failures="0" timestamp="09 Nov 2018 09:35:52 GMT" time="1.762" errors="0">
  <testcase name="productionPlan" time="1.762" classname="in.licious.dataplanning_API.CreateProductionPlanAPI"/>
</testsuite> <!-- in.licious.dataplanning_API.CreateProductionPlanAPI -->
