<?xml version="1.0" encoding="UTF-8"?>
<!-- Generated by org.testng.reporters.JUnitReportReporter -->
<testsuite skipped="0" hostname="liciouss-MacBook-Air-2.local" name="in.licious.dataplanning_API.DashboardWastageAPI" tests="1" failures="0" timestamp="09 Nov 2018 09:36:18 GMT" time="4.175" errors="0">
  <testcase name="dashboardwastagetest" time="4.175" classname="in.licious.dataplanning_API.DashboardWastageAPI"/>
</testsuite> <!-- in.licious.dataplanning_API.DashboardWastageAPI -->
