<?xml version="1.0" encoding="UTF-8"?>
<!-- Generated by org.testng.reporters.JUnitReportReporter -->
<testsuite skipped="0" hostname="liciouss-MacBook-Air-2.local" name="in.licious.dataplanning_API.DispatchPlan" tests="1" failures="0" timestamp="23 Nov 2018 11:18:04 GMT" time="3.534" errors="0">
  <testcase name="createDispatchPlan" time="3.534" classname="in.licious.dataplanning_API.DispatchPlan"/>
</testsuite> <!-- in.licious.dataplanning_API.DispatchPlan -->
