<?xml version="1.0" encoding="UTF-8"?>
<!-- Generated by org.testng.reporters.JUnitReportReporter -->
<testsuite skipped="0" hostname="liciouss-MacBook-Air-2.local" name="in.licious.dataplanning_API.CreateSystemDP_API" tests="1" failures="0" timestamp="15 Nov 2018 08:56:09 GMT" time="3.807" errors="0">
  <testcase name="createSystemDPTest_TC09" time="3.807" classname="in.licious.dataplanning_API.CreateSystemDP_API"/>
</testsuite> <!-- in.licious.dataplanning_API.CreateSystemDP_API -->
