<?xml version="1.0" encoding="UTF-8"?>
<!-- Generated by org.testng.reporters.JUnitReportReporter -->
<testsuite skipped="0" hostname="liciouss-MacBook-Air-2.local" name="in.licious.dataplanning_API.SystemForecastAPI" tests="1" failures="0" timestamp="26 Nov 2018 12:18:06 GMT" time="58.286" errors="0">
  <testcase name="createSystemForecastTest_TC03" time="58.286" classname="in.licious.dataplanning_API.SystemForecastAPI"/>
</testsuite> <!-- in.licious.dataplanning_API.SystemForecastAPI -->
